Start testing: Oct 24 16:50 CEST
----------------------------------------------------------
1/21 Testing: Array.initializeAndRetrieve
1/21 Test: Array.initializeAndRetrieve
Command: "/home/pieter/GitHub/EAGLE/build/bin/tests" "--gtest_filter=Array.initializeAndRetrieve" "--gtest_also_run_disabled_tests"
Directory: /home/pieter/GitHub/EAGLE/build
"Array.initializeAndRetrieve" start time: Oct 24 16:50 CEST
Output:
----------------------------------------------------------
Note: Google Test filter = Array.initializeAndRetrieve
[==========] Running 1 test from 1 test case.
[----------] Global test environment set-up.
[----------] 1 test from Array
[ RUN      ] Array.initializeAndRetrieve
[       OK ] Array.initializeAndRetrieve (0 ms)
[----------] 1 test from Array (0 ms total)

[----------] Global test environment tear-down
[==========] 1 test from 1 test case ran. (0 ms total)
[  PASSED  ] 1 test.
<end of output>
Test time =   0.00 sec
----------------------------------------------------------
Test Passed.
"Array.initializeAndRetrieve" end time: Oct 24 16:50 CEST
"Array.initializeAndRetrieve" time elapsed: 00:00:00
----------------------------------------------------------

2/21 Testing: Array.initializeAndRetrieveConst
2/21 Test: Array.initializeAndRetrieveConst
Command: "/home/pieter/GitHub/EAGLE/build/bin/tests" "--gtest_filter=Array.initializeAndRetrieveConst" "--gtest_also_run_disabled_tests"
Directory: /home/pieter/GitHub/EAGLE/build
"Array.initializeAndRetrieveConst" start time: Oct 24 16:50 CEST
Output:
----------------------------------------------------------
Note: Google Test filter = Array.initializeAndRetrieveConst
[==========] Running 1 test from 1 test case.
[----------] Global test environment set-up.
[----------] 1 test from Array
[ RUN      ] Array.initializeAndRetrieveConst
[       OK ] Array.initializeAndRetrieveConst (0 ms)
[----------] 1 test from Array (0 ms total)

[----------] Global test environment tear-down
[==========] 1 test from 1 test case ran. (0 ms total)
[  PASSED  ] 1 test.
<end of output>
Test time =   0.00 sec
----------------------------------------------------------
Test Passed.
"Array.initializeAndRetrieveConst" end time: Oct 24 16:50 CEST
"Array.initializeAndRetrieveConst" time elapsed: 00:00:00
----------------------------------------------------------

3/21 Testing: Array.write
3/21 Test: Array.write
Command: "/home/pieter/GitHub/EAGLE/build/bin/tests" "--gtest_filter=Array.write" "--gtest_also_run_disabled_tests"
Directory: /home/pieter/GitHub/EAGLE/build
"Array.write" start time: Oct 24 16:50 CEST
Output:
----------------------------------------------------------
Note: Google Test filter = Array.write
[==========] Running 1 test from 1 test case.
[----------] Global test environment set-up.
[----------] 1 test from Array
[ RUN      ] Array.write
[       OK ] Array.write (0 ms)
[----------] 1 test from Array (0 ms total)

[----------] Global test environment tear-down
[==========] 1 test from 1 test case ran. (0 ms total)
[  PASSED  ] 1 test.
<end of output>
Test time =   0.00 sec
----------------------------------------------------------
Test Passed.
"Array.write" end time: Oct 24 16:50 CEST
"Array.write" time elapsed: 00:00:00
----------------------------------------------------------

4/21 Testing: Array.rangeFor
4/21 Test: Array.rangeFor
Command: "/home/pieter/GitHub/EAGLE/build/bin/tests" "--gtest_filter=Array.rangeFor" "--gtest_also_run_disabled_tests"
Directory: /home/pieter/GitHub/EAGLE/build
"Array.rangeFor" start time: Oct 24 16:50 CEST
Output:
----------------------------------------------------------
Note: Google Test filter = Array.rangeFor
[==========] Running 1 test from 1 test case.
[----------] Global test environment set-up.
[----------] 1 test from Array
[ RUN      ] Array.rangeFor
[       OK ] Array.rangeFor (0 ms)
[----------] 1 test from Array (0 ms total)

[----------] Global test environment tear-down
[==========] 1 test from 1 test case ran. (0 ms total)
[  PASSED  ] 1 test.
<end of output>
Test time =   0.00 sec
----------------------------------------------------------
Test Passed.
"Array.rangeFor" end time: Oct 24 16:50 CEST
"Array.rangeFor" time elapsed: 00:00:00
----------------------------------------------------------

5/21 Testing: Array.rangeForConst
5/21 Test: Array.rangeForConst
Command: "/home/pieter/GitHub/EAGLE/build/bin/tests" "--gtest_filter=Array.rangeForConst" "--gtest_also_run_disabled_tests"
Directory: /home/pieter/GitHub/EAGLE/build
"Array.rangeForConst" start time: Oct 24 16:50 CEST
Output:
----------------------------------------------------------
Note: Google Test filter = Array.rangeForConst
[==========] Running 1 test from 1 test case.
[----------] Global test environment set-up.
[----------] 1 test from Array
[ RUN      ] Array.rangeForConst
[       OK ] Array.rangeForConst (0 ms)
[----------] 1 test from Array (0 ms total)

[----------] Global test environment tear-down
[==========] 1 test from 1 test case ran. (0 ms total)
[  PASSED  ] 1 test.
<end of output>
Test time =   0.00 sec
----------------------------------------------------------
Test Passed.
"Array.rangeForConst" end time: Oct 24 16:50 CEST
"Array.rangeForConst" time elapsed: 00:00:00
----------------------------------------------------------

6/21 Testing: Array.equality
6/21 Test: Array.equality
Command: "/home/pieter/GitHub/EAGLE/build/bin/tests" "--gtest_filter=Array.equality" "--gtest_also_run_disabled_tests"
Directory: /home/pieter/GitHub/EAGLE/build
"Array.equality" start time: Oct 24 16:50 CEST
Output:
----------------------------------------------------------
Note: Google Test filter = Array.equality
[==========] Running 1 test from 1 test case.
[----------] Global test environment set-up.
[----------] 1 test from Array
[ RUN      ] Array.equality
[       OK ] Array.equality (0 ms)
[----------] 1 test from Array (0 ms total)

[----------] Global test environment tear-down
[==========] 1 test from 1 test case ran. (1 ms total)
[  PASSED  ] 1 test.
<end of output>
Test time =   0.00 sec
----------------------------------------------------------
Test Passed.
"Array.equality" end time: Oct 24 16:50 CEST
"Array.equality" time elapsed: 00:00:00
----------------------------------------------------------

7/21 Testing: generateArray.simple
7/21 Test: generateArray.simple
Command: "/home/pieter/GitHub/EAGLE/build/bin/tests" "--gtest_filter=generateArray.simple" "--gtest_also_run_disabled_tests"
Directory: /home/pieter/GitHub/EAGLE/build
"generateArray.simple" start time: Oct 24 16:50 CEST
Output:
----------------------------------------------------------
Note: Google Test filter = generateArray.simple
[==========] Running 1 test from 1 test case.
[----------] Global test environment set-up.
[----------] 1 test from generateArray
[ RUN      ] generateArray.simple
[       OK ] generateArray.simple (0 ms)
[----------] 1 test from generateArray (0 ms total)

[----------] Global test environment tear-down
[==========] 1 test from 1 test case ran. (0 ms total)
[  PASSED  ] 1 test.
<end of output>
Test time =   0.00 sec
----------------------------------------------------------
Test Passed.
"generateArray.simple" end time: Oct 24 16:50 CEST
"generateArray.simple" time elapsed: 00:00:00
----------------------------------------------------------

8/21 Testing: DoPri.euler
8/21 Test: DoPri.euler
Command: "/home/pieter/GitHub/EAGLE/build/bin/tests" "--gtest_filter=DoPri.euler" "--gtest_also_run_disabled_tests"
Directory: /home/pieter/GitHub/EAGLE/build
"DoPri.euler" start time: Oct 24 16:50 CEST
Output:
----------------------------------------------------------
Note: Google Test filter = DoPri.euler
[==========] Running 1 test from 1 test case.
[----------] Global test environment set-up.
[----------] 1 test from DoPri
[ RUN      ] DoPri.euler
e = 2.7182818284590455
[       OK ] DoPri.euler (1 ms)
[----------] 1 test from DoPri (1 ms total)

[----------] Global test environment tear-down
[==========] 1 test from 1 test case ran. (1 ms total)
[  PASSED  ] 1 test.
<end of output>
Test time =   0.00 sec
----------------------------------------------------------
Test Passed.
"DoPri.euler" end time: Oct 24 16:50 CEST
"DoPri.euler" time elapsed: 00:00:00
----------------------------------------------------------

9/21 Testing: DoPri.eulerVector
9/21 Test: DoPri.eulerVector
Command: "/home/pieter/GitHub/EAGLE/build/bin/tests" "--gtest_filter=DoPri.eulerVector" "--gtest_also_run_disabled_tests"
Directory: /home/pieter/GitHub/EAGLE/build
"DoPri.eulerVector" start time: Oct 24 16:50 CEST
Output:
----------------------------------------------------------
Note: Google Test filter = DoPri.eulerVector
[==========] Running 1 test from 1 test case.
[----------] Global test environment set-up.
[----------] 1 test from DoPri
[ RUN      ] DoPri.eulerVector
e = 2.71828182845905
[       OK ] DoPri.eulerVector (0 ms)
[----------] 1 test from DoPri (0 ms total)

[----------] Global test environment tear-down
[==========] 1 test from 1 test case ran. (0 ms total)
[  PASSED  ] 1 test.
<end of output>
Test time =   0.00 sec
----------------------------------------------------------
Test Passed.
"DoPri.eulerVector" end time: Oct 24 16:50 CEST
"DoPri.eulerVector" time elapsed: 00:00:00
----------------------------------------------------------

10/21 Testing: LeastSquares.solveLeastSquaresSquare
10/21 Test: LeastSquares.solveLeastSquaresSquare
Command: "/home/pieter/GitHub/EAGLE/build/bin/tests" "--gtest_filter=LeastSquares.solveLeastSquaresSquare" "--gtest_also_run_disabled_tests"
Directory: /home/pieter/GitHub/EAGLE/build
"LeastSquares.solveLeastSquaresSquare" start time: Oct 24 16:50 CEST
Output:
----------------------------------------------------------
Note: Google Test filter = LeastSquares.solveLeastSquaresSquare
[==========] Running 1 test from 1 test case.
[----------] Global test environment set-up.
[----------] 1 test from LeastSquares
[ RUN      ] LeastSquares.solveLeastSquaresSquare
[       OK ] LeastSquares.solveLeastSquaresSquare (0 ms)
[----------] 1 test from LeastSquares (0 ms total)

[----------] Global test environment tear-down
[==========] 1 test from 1 test case ran. (0 ms total)
[  PASSED  ] 1 test.
<end of output>
Test time =   0.00 sec
----------------------------------------------------------
Test Passed.
"LeastSquares.solveLeastSquaresSquare" end time: Oct 24 16:50 CEST
"LeastSquares.solveLeastSquaresSquare" time elapsed: 00:00:00
----------------------------------------------------------

11/21 Testing: Matrix.equals
11/21 Test: Matrix.equals
Command: "/home/pieter/GitHub/EAGLE/build/bin/tests" "--gtest_filter=Matrix.equals" "--gtest_also_run_disabled_tests"
Directory: /home/pieter/GitHub/EAGLE/build
"Matrix.equals" start time: Oct 24 16:50 CEST
Output:
----------------------------------------------------------
Note: Google Test filter = Matrix.equals
[==========] Running 1 test from 1 test case.
[----------] Global test environment set-up.
[----------] 1 test from Matrix
[ RUN      ] Matrix.equals
[       OK ] Matrix.equals (0 ms)
[----------] 1 test from Matrix (1 ms total)

[----------] Global test environment tear-down
[==========] 1 test from 1 test case ran. (1 ms total)
[  PASSED  ] 1 test.
<end of output>
Test time =   0.00 sec
----------------------------------------------------------
Test Passed.
"Matrix.equals" end time: Oct 24 16:50 CEST
"Matrix.equals" time elapsed: 00:00:00
----------------------------------------------------------

12/21 Testing: Matrix.notEquals
12/21 Test: Matrix.notEquals
Command: "/home/pieter/GitHub/EAGLE/build/bin/tests" "--gtest_filter=Matrix.notEquals" "--gtest_also_run_disabled_tests"
Directory: /home/pieter/GitHub/EAGLE/build
"Matrix.notEquals" start time: Oct 24 16:50 CEST
Output:
----------------------------------------------------------
Note: Google Test filter = Matrix.notEquals
[==========] Running 1 test from 1 test case.
[----------] Global test environment set-up.
[----------] 1 test from Matrix
[ RUN      ] Matrix.notEquals
[       OK ] Matrix.notEquals (0 ms)
[----------] 1 test from Matrix (0 ms total)

[----------] Global test environment tear-down
[==========] 1 test from 1 test case ran. (0 ms total)
[  PASSED  ] 1 test.
<end of output>
Test time =   0.00 sec
----------------------------------------------------------
Test Passed.
"Matrix.notEquals" end time: Oct 24 16:50 CEST
"Matrix.notEquals" time elapsed: 00:00:00
----------------------------------------------------------

13/21 Testing: Matrix.multiply
13/21 Test: Matrix.multiply
Command: "/home/pieter/GitHub/EAGLE/build/bin/tests" "--gtest_filter=Matrix.multiply" "--gtest_also_run_disabled_tests"
Directory: /home/pieter/GitHub/EAGLE/build
"Matrix.multiply" start time: Oct 24 16:50 CEST
Output:
----------------------------------------------------------
Note: Google Test filter = Matrix.multiply
[==========] Running 1 test from 1 test case.
[----------] Global test environment set-up.
[----------] 1 test from Matrix
[ RUN      ] Matrix.multiply
[       OK ] Matrix.multiply (0 ms)
[----------] 1 test from Matrix (0 ms total)

[----------] Global test environment tear-down
[==========] 1 test from 1 test case ran. (0 ms total)
[  PASSED  ] 1 test.
<end of output>
Test time =   0.00 sec
----------------------------------------------------------
Test Passed.
"Matrix.multiply" end time: Oct 24 16:50 CEST
"Matrix.multiply" time elapsed: 00:00:00
----------------------------------------------------------

14/21 Testing: Matrix.scalarMultiply
14/21 Test: Matrix.scalarMultiply
Command: "/home/pieter/GitHub/EAGLE/build/bin/tests" "--gtest_filter=Matrix.scalarMultiply" "--gtest_also_run_disabled_tests"
Directory: /home/pieter/GitHub/EAGLE/build
"Matrix.scalarMultiply" start time: Oct 24 16:50 CEST
Output:
----------------------------------------------------------
Note: Google Test filter = Matrix.scalarMultiply
[==========] Running 1 test from 1 test case.
[----------] Global test environment set-up.
[----------] 1 test from Matrix
[ RUN      ] Matrix.scalarMultiply
[       OK ] Matrix.scalarMultiply (0 ms)
[----------] 1 test from Matrix (0 ms total)

[----------] Global test environment tear-down
[==========] 1 test from 1 test case ran. (0 ms total)
[  PASSED  ] 1 test.
<end of output>
Test time =   0.00 sec
----------------------------------------------------------
Test Passed.
"Matrix.scalarMultiply" end time: Oct 24 16:50 CEST
"Matrix.scalarMultiply" time elapsed: 00:00:00
----------------------------------------------------------

15/21 Testing: Matrix.diag
15/21 Test: Matrix.diag
Command: "/home/pieter/GitHub/EAGLE/build/bin/tests" "--gtest_filter=Matrix.diag" "--gtest_also_run_disabled_tests"
Directory: /home/pieter/GitHub/EAGLE/build
"Matrix.diag" start time: Oct 24 16:50 CEST
Output:
----------------------------------------------------------
Note: Google Test filter = Matrix.diag
[==========] Running 1 test from 1 test case.
[----------] Global test environment set-up.
[----------] 1 test from Matrix
[ RUN      ] Matrix.diag
[       OK ] Matrix.diag (0 ms)
[----------] 1 test from Matrix (0 ms total)

[----------] Global test environment tear-down
[==========] 1 test from 1 test case ran. (0 ms total)
[  PASSED  ] 1 test.
<end of output>
Test time =   0.00 sec
----------------------------------------------------------
Test Passed.
"Matrix.diag" end time: Oct 24 16:50 CEST
"Matrix.diag" time elapsed: 00:00:00
----------------------------------------------------------

16/21 Testing: Matrix.add
16/21 Test: Matrix.add
Command: "/home/pieter/GitHub/EAGLE/build/bin/tests" "--gtest_filter=Matrix.add" "--gtest_also_run_disabled_tests"
Directory: /home/pieter/GitHub/EAGLE/build
"Matrix.add" start time: Oct 24 16:50 CEST
Output:
----------------------------------------------------------
Note: Google Test filter = Matrix.add
[==========] Running 1 test from 1 test case.
[----------] Global test environment set-up.
[----------] 1 test from Matrix
[ RUN      ] Matrix.add
[       OK ] Matrix.add (0 ms)
[----------] 1 test from Matrix (0 ms total)

[----------] Global test environment tear-down
[==========] 1 test from 1 test case ran. (0 ms total)
[  PASSED  ] 1 test.
<end of output>
Test time =   0.00 sec
----------------------------------------------------------
Test Passed.
"Matrix.add" end time: Oct 24 16:50 CEST
"Matrix.add" time elapsed: 00:00:00
----------------------------------------------------------

17/21 Testing: Matrix.subtract
17/21 Test: Matrix.subtract
Command: "/home/pieter/GitHub/EAGLE/build/bin/tests" "--gtest_filter=Matrix.subtract" "--gtest_also_run_disabled_tests"
Directory: /home/pieter/GitHub/EAGLE/build
"Matrix.subtract" start time: Oct 24 16:50 CEST
Output:
----------------------------------------------------------
Note: Google Test filter = Matrix.subtract
[==========] Running 1 test from 1 test case.
[----------] Global test environment set-up.
[----------] 1 test from Matrix
[ RUN      ] Matrix.subtract
[       OK ] Matrix.subtract (0 ms)
[----------] 1 test from Matrix (0 ms total)

[----------] Global test environment tear-down
[==========] 1 test from 1 test case ran. (0 ms total)
[  PASSED  ] 1 test.
<end of output>
Test time =   0.00 sec
----------------------------------------------------------
Test Passed.
"Matrix.subtract" end time: Oct 24 16:50 CEST
"Matrix.subtract" time elapsed: 00:00:00
----------------------------------------------------------

18/21 Testing: Matrix.transpose
18/21 Test: Matrix.transpose
Command: "/home/pieter/GitHub/EAGLE/build/bin/tests" "--gtest_filter=Matrix.transpose" "--gtest_also_run_disabled_tests"
Directory: /home/pieter/GitHub/EAGLE/build
"Matrix.transpose" start time: Oct 24 16:50 CEST
Output:
----------------------------------------------------------
Note: Google Test filter = Matrix.transpose
[==========] Running 1 test from 1 test case.
[----------] Global test environment set-up.
[----------] 1 test from Matrix
[ RUN      ] Matrix.transpose
[       OK ] Matrix.transpose (0 ms)
[----------] 1 test from Matrix (0 ms total)

[----------] Global test environment tear-down
[==========] 1 test from 1 test case ran. (1 ms total)
[  PASSED  ] 1 test.
<end of output>
Test time =   0.00 sec
----------------------------------------------------------
Test Passed.
"Matrix.transpose" end time: Oct 24 16:50 CEST
"Matrix.transpose" time elapsed: 00:00:00
----------------------------------------------------------

19/21 Testing: Matrix.assignBlock
19/21 Test: Matrix.assignBlock
Command: "/home/pieter/GitHub/EAGLE/build/bin/tests" "--gtest_filter=Matrix.assignBlock" "--gtest_also_run_disabled_tests"
Directory: /home/pieter/GitHub/EAGLE/build
"Matrix.assignBlock" start time: Oct 24 16:50 CEST
Output:
----------------------------------------------------------
Note: Google Test filter = Matrix.assignBlock
[==========] Running 1 test from 1 test case.
[----------] Global test environment set-up.
[----------] 1 test from Matrix
[ RUN      ] Matrix.assignBlock
[       OK ] Matrix.assignBlock (0 ms)
[----------] 1 test from Matrix (0 ms total)

[----------] Global test environment tear-down
[==========] 1 test from 1 test case ran. (0 ms total)
[  PASSED  ] 1 test.
<end of output>
Test time =   0.00 sec
----------------------------------------------------------
Test Passed.
"Matrix.assignBlock" end time: Oct 24 16:50 CEST
"Matrix.assignBlock" time elapsed: 00:00:00
----------------------------------------------------------

20/21 Testing: Matrix.getBlock
20/21 Test: Matrix.getBlock
Command: "/home/pieter/GitHub/EAGLE/build/bin/tests" "--gtest_filter=Matrix.getBlock" "--gtest_also_run_disabled_tests"
Directory: /home/pieter/GitHub/EAGLE/build
"Matrix.getBlock" start time: Oct 24 16:50 CEST
Output:
----------------------------------------------------------
Note: Google Test filter = Matrix.getBlock
[==========] Running 1 test from 1 test case.
[----------] Global test environment set-up.
[----------] 1 test from Matrix
[ RUN      ] Matrix.getBlock
[       OK ] Matrix.getBlock (0 ms)
[----------] 1 test from Matrix (0 ms total)

[----------] Global test environment tear-down
[==========] 1 test from 1 test case ran. (0 ms total)
[  PASSED  ] 1 test.
<end of output>
Test time =   0.00 sec
----------------------------------------------------------
Test Passed.
"Matrix.getBlock" end time: Oct 24 16:50 CEST
"Matrix.getBlock" time elapsed: 00:00:00
----------------------------------------------------------

21/21 Testing: QR.QR
21/21 Test: QR.QR
Command: "/home/pieter/GitHub/EAGLE/build/bin/tests" "--gtest_filter=QR.QR" "--gtest_also_run_disabled_tests"
Directory: /home/pieter/GitHub/EAGLE/build
"QR.QR" start time: Oct 24 16:50 CEST
Output:
----------------------------------------------------------
Note: Google Test filter = QR.QR
[==========] Running 1 test from 1 test case.
[----------] Global test environment set-up.
[----------] 1 test from QR
[ RUN      ] QR.QR
[       OK ] QR.QR (0 ms)
[----------] 1 test from QR (0 ms total)

[----------] Global test environment tear-down
[==========] 1 test from 1 test case ran. (0 ms total)
[  PASSED  ] 1 test.
<end of output>
Test time =   0.00 sec
----------------------------------------------------------
Test Passed.
"QR.QR" end time: Oct 24 16:50 CEST
"QR.QR" time elapsed: 00:00:00
----------------------------------------------------------

End testing: Oct 24 16:50 CEST
