Start testing: Oct 27 15:40 CEST
----------------------------------------------------------
1/37 Testing: Array.initializeAndRetrieve
1/37 Test: Array.initializeAndRetrieve
Command: "/home/pieter/GitHub/EAGLE/build/bin/tests" "--gtest_filter=Array.initializeAndRetrieve" "--gtest_also_run_disabled_tests"
Directory: /home/pieter/GitHub/EAGLE/build
"Array.initializeAndRetrieve" start time: Oct 27 15:40 CEST
Output:
----------------------------------------------------------
Note: Google Test filter = Array.initializeAndRetrieve
[==========] Running 1 test from 1 test case.
[----------] Global test environment set-up.
[----------] 1 test from Array
[ RUN      ] Array.initializeAndRetrieve
[       OK ] Array.initializeAndRetrieve (0 ms)
[----------] 1 test from Array (0 ms total)

[----------] Global test environment tear-down
[==========] 1 test from 1 test case ran. (1 ms total)
[  PASSED  ] 1 test.
<end of output>
Test time =   0.00 sec
----------------------------------------------------------
Test Passed.
"Array.initializeAndRetrieve" end time: Oct 27 15:40 CEST
"Array.initializeAndRetrieve" time elapsed: 00:00:00
----------------------------------------------------------

2/37 Testing: Array.initializeAndRetrieveConst
2/37 Test: Array.initializeAndRetrieveConst
Command: "/home/pieter/GitHub/EAGLE/build/bin/tests" "--gtest_filter=Array.initializeAndRetrieveConst" "--gtest_also_run_disabled_tests"
Directory: /home/pieter/GitHub/EAGLE/build
"Array.initializeAndRetrieveConst" start time: Oct 27 15:40 CEST
Output:
----------------------------------------------------------
Note: Google Test filter = Array.initializeAndRetrieveConst
[==========] Running 1 test from 1 test case.
[----------] Global test environment set-up.
[----------] 1 test from Array
[ RUN      ] Array.initializeAndRetrieveConst
[       OK ] Array.initializeAndRetrieveConst (0 ms)
[----------] 1 test from Array (0 ms total)

[----------] Global test environment tear-down
[==========] 1 test from 1 test case ran. (0 ms total)
[  PASSED  ] 1 test.
<end of output>
Test time =   0.00 sec
----------------------------------------------------------
Test Passed.
"Array.initializeAndRetrieveConst" end time: Oct 27 15:40 CEST
"Array.initializeAndRetrieveConst" time elapsed: 00:00:00
----------------------------------------------------------

3/37 Testing: Array.write
3/37 Test: Array.write
Command: "/home/pieter/GitHub/EAGLE/build/bin/tests" "--gtest_filter=Array.write" "--gtest_also_run_disabled_tests"
Directory: /home/pieter/GitHub/EAGLE/build
"Array.write" start time: Oct 27 15:40 CEST
Output:
----------------------------------------------------------
Note: Google Test filter = Array.write
[==========] Running 1 test from 1 test case.
[----------] Global test environment set-up.
[----------] 1 test from Array
[ RUN      ] Array.write
[       OK ] Array.write (0 ms)
[----------] 1 test from Array (0 ms total)

[----------] Global test environment tear-down
[==========] 1 test from 1 test case ran. (0 ms total)
[  PASSED  ] 1 test.
<end of output>
Test time =   0.00 sec
----------------------------------------------------------
Test Passed.
"Array.write" end time: Oct 27 15:40 CEST
"Array.write" time elapsed: 00:00:00
----------------------------------------------------------

4/37 Testing: Array.rangeFor
4/37 Test: Array.rangeFor
Command: "/home/pieter/GitHub/EAGLE/build/bin/tests" "--gtest_filter=Array.rangeFor" "--gtest_also_run_disabled_tests"
Directory: /home/pieter/GitHub/EAGLE/build
"Array.rangeFor" start time: Oct 27 15:40 CEST
Output:
----------------------------------------------------------
Note: Google Test filter = Array.rangeFor
[==========] Running 1 test from 1 test case.
[----------] Global test environment set-up.
[----------] 1 test from Array
[ RUN      ] Array.rangeFor
[       OK ] Array.rangeFor (1 ms)
[----------] 1 test from Array (1 ms total)

[----------] Global test environment tear-down
[==========] 1 test from 1 test case ran. (1 ms total)
[  PASSED  ] 1 test.
<end of output>
Test time =   0.00 sec
----------------------------------------------------------
Test Passed.
"Array.rangeFor" end time: Oct 27 15:40 CEST
"Array.rangeFor" time elapsed: 00:00:00
----------------------------------------------------------

5/37 Testing: Array.rangeForConst
5/37 Test: Array.rangeForConst
Command: "/home/pieter/GitHub/EAGLE/build/bin/tests" "--gtest_filter=Array.rangeForConst" "--gtest_also_run_disabled_tests"
Directory: /home/pieter/GitHub/EAGLE/build
"Array.rangeForConst" start time: Oct 27 15:40 CEST
Output:
----------------------------------------------------------
Note: Google Test filter = Array.rangeForConst
[==========] Running 1 test from 1 test case.
[----------] Global test environment set-up.
[----------] 1 test from Array
[ RUN      ] Array.rangeForConst
[       OK ] Array.rangeForConst (0 ms)
[----------] 1 test from Array (1 ms total)

[----------] Global test environment tear-down
[==========] 1 test from 1 test case ran. (1 ms total)
[  PASSED  ] 1 test.
<end of output>
Test time =   0.00 sec
----------------------------------------------------------
Test Passed.
"Array.rangeForConst" end time: Oct 27 15:40 CEST
"Array.rangeForConst" time elapsed: 00:00:00
----------------------------------------------------------

6/37 Testing: Array.equality
6/37 Test: Array.equality
Command: "/home/pieter/GitHub/EAGLE/build/bin/tests" "--gtest_filter=Array.equality" "--gtest_also_run_disabled_tests"
Directory: /home/pieter/GitHub/EAGLE/build
"Array.equality" start time: Oct 27 15:40 CEST
Output:
----------------------------------------------------------
Note: Google Test filter = Array.equality
[==========] Running 1 test from 1 test case.
[----------] Global test environment set-up.
[----------] 1 test from Array
[ RUN      ] Array.equality
[       OK ] Array.equality (0 ms)
[----------] 1 test from Array (0 ms total)

[----------] Global test environment tear-down
[==========] 1 test from 1 test case ran. (0 ms total)
[  PASSED  ] 1 test.
<end of output>
Test time =   0.00 sec
----------------------------------------------------------
Test Passed.
"Array.equality" end time: Oct 27 15:40 CEST
"Array.equality" time elapsed: 00:00:00
----------------------------------------------------------

7/37 Testing: generateArray.simple
7/37 Test: generateArray.simple
Command: "/home/pieter/GitHub/EAGLE/build/bin/tests" "--gtest_filter=generateArray.simple" "--gtest_also_run_disabled_tests"
Directory: /home/pieter/GitHub/EAGLE/build
"generateArray.simple" start time: Oct 27 15:40 CEST
Output:
----------------------------------------------------------
Note: Google Test filter = generateArray.simple
[==========] Running 1 test from 1 test case.
[----------] Global test environment set-up.
[----------] 1 test from generateArray
[ RUN      ] generateArray.simple
[       OK ] generateArray.simple (1 ms)
[----------] 1 test from generateArray (1 ms total)

[----------] Global test environment tear-down
[==========] 1 test from 1 test case ran. (1 ms total)
[  PASSED  ] 1 test.
<end of output>
Test time =   0.00 sec
----------------------------------------------------------
Test Passed.
"generateArray.simple" end time: Oct 27 15:40 CEST
"generateArray.simple" time elapsed: 00:00:00
----------------------------------------------------------

8/37 Testing: DoPri.euler
8/37 Test: DoPri.euler
Command: "/home/pieter/GitHub/EAGLE/build/bin/tests" "--gtest_filter=DoPri.euler" "--gtest_also_run_disabled_tests"
Directory: /home/pieter/GitHub/EAGLE/build
"DoPri.euler" start time: Oct 27 15:40 CEST
Output:
----------------------------------------------------------
Note: Google Test filter = DoPri.euler
[==========] Running 1 test from 1 test case.
[----------] Global test environment set-up.
[----------] 1 test from DoPri
[ RUN      ] DoPri.euler
e = 2.7182818284590455
[       OK ] DoPri.euler (1 ms)
[----------] 1 test from DoPri (1 ms total)

[----------] Global test environment tear-down
[==========] 1 test from 1 test case ran. (1 ms total)
[  PASSED  ] 1 test.
<end of output>
Test time =   0.00 sec
----------------------------------------------------------
Test Passed.
"DoPri.euler" end time: Oct 27 15:40 CEST
"DoPri.euler" time elapsed: 00:00:00
----------------------------------------------------------

9/37 Testing: DoPri.eulerVector
9/37 Test: DoPri.eulerVector
Command: "/home/pieter/GitHub/EAGLE/build/bin/tests" "--gtest_filter=DoPri.eulerVector" "--gtest_also_run_disabled_tests"
Directory: /home/pieter/GitHub/EAGLE/build
"DoPri.eulerVector" start time: Oct 27 15:40 CEST
Output:
----------------------------------------------------------
Note: Google Test filter = DoPri.eulerVector
[==========] Running 1 test from 1 test case.
[----------] Global test environment set-up.
[----------] 1 test from DoPri
[ RUN      ] DoPri.eulerVector
e = 2.71828182845905
[       OK ] DoPri.eulerVector (1 ms)
[----------] 1 test from DoPri (1 ms total)

[----------] Global test environment tear-down
[==========] 1 test from 1 test case ran. (1 ms total)
[  PASSED  ] 1 test.
<end of output>
Test time =   0.00 sec
----------------------------------------------------------
Test Passed.
"DoPri.eulerVector" end time: Oct 27 15:40 CEST
"DoPri.eulerVector" time elapsed: 00:00:00
----------------------------------------------------------

10/37 Testing: LQR.LQR
10/37 Test: LQR.LQR
Command: "/home/pieter/GitHub/EAGLE/build/bin/tests" "--gtest_filter=LQR.LQR" "--gtest_also_run_disabled_tests"
Directory: /home/pieter/GitHub/EAGLE/build
"LQR.LQR" start time: Oct 27 15:40 CEST
Output:
----------------------------------------------------------
Note: Google Test filter = LQR.LQR
[==========] Running 1 test from 1 test case.
[----------] Global test environment set-up.
[----------] 1 test from LQR
[ RUN      ] LQR.LQR
[       OK ] LQR.LQR (0 ms)
[----------] 1 test from LQR (0 ms total)

[----------] Global test environment tear-down
[==========] 1 test from 1 test case ran. (0 ms total)
[  PASSED  ] 1 test.
<end of output>
Test time =   0.00 sec
----------------------------------------------------------
Test Passed.
"LQR.LQR" end time: Oct 27 15:40 CEST
"LQR.LQR" time elapsed: 00:00:00
----------------------------------------------------------

11/37 Testing: LeastSquares.solveLeastSquaresSquare
11/37 Test: LeastSquares.solveLeastSquaresSquare
Command: "/home/pieter/GitHub/EAGLE/build/bin/tests" "--gtest_filter=LeastSquares.solveLeastSquaresSquare" "--gtest_also_run_disabled_tests"
Directory: /home/pieter/GitHub/EAGLE/build
"LeastSquares.solveLeastSquaresSquare" start time: Oct 27 15:40 CEST
Output:
----------------------------------------------------------
Note: Google Test filter = LeastSquares.solveLeastSquaresSquare
[==========] Running 1 test from 1 test case.
[----------] Global test environment set-up.
[----------] 1 test from LeastSquares
[ RUN      ] LeastSquares.solveLeastSquaresSquare
[       OK ] LeastSquares.solveLeastSquaresSquare (0 ms)
[----------] 1 test from LeastSquares (0 ms total)

[----------] Global test environment tear-down
[==========] 1 test from 1 test case ran. (0 ms total)
[  PASSED  ] 1 test.
<end of output>
Test time =   0.00 sec
----------------------------------------------------------
Test Passed.
"LeastSquares.solveLeastSquaresSquare" end time: Oct 27 15:40 CEST
"LeastSquares.solveLeastSquaresSquare" time elapsed: 00:00:00
----------------------------------------------------------

12/37 Testing: Matrix.equals
12/37 Test: Matrix.equals
Command: "/home/pieter/GitHub/EAGLE/build/bin/tests" "--gtest_filter=Matrix.equals" "--gtest_also_run_disabled_tests"
Directory: /home/pieter/GitHub/EAGLE/build
"Matrix.equals" start time: Oct 27 15:40 CEST
Output:
----------------------------------------------------------
Note: Google Test filter = Matrix.equals
[==========] Running 1 test from 1 test case.
[----------] Global test environment set-up.
[----------] 1 test from Matrix
[ RUN      ] Matrix.equals
[       OK ] Matrix.equals (0 ms)
[----------] 1 test from Matrix (0 ms total)

[----------] Global test environment tear-down
[==========] 1 test from 1 test case ran. (0 ms total)
[  PASSED  ] 1 test.
<end of output>
Test time =   0.00 sec
----------------------------------------------------------
Test Passed.
"Matrix.equals" end time: Oct 27 15:40 CEST
"Matrix.equals" time elapsed: 00:00:00
----------------------------------------------------------

13/37 Testing: Matrix.notEquals
13/37 Test: Matrix.notEquals
Command: "/home/pieter/GitHub/EAGLE/build/bin/tests" "--gtest_filter=Matrix.notEquals" "--gtest_also_run_disabled_tests"
Directory: /home/pieter/GitHub/EAGLE/build
"Matrix.notEquals" start time: Oct 27 15:40 CEST
Output:
----------------------------------------------------------
Note: Google Test filter = Matrix.notEquals
[==========] Running 1 test from 1 test case.
[----------] Global test environment set-up.
[----------] 1 test from Matrix
[ RUN      ] Matrix.notEquals
[       OK ] Matrix.notEquals (0 ms)
[----------] 1 test from Matrix (0 ms total)

[----------] Global test environment tear-down
[==========] 1 test from 1 test case ran. (0 ms total)
[  PASSED  ] 1 test.
<end of output>
Test time =   0.00 sec
----------------------------------------------------------
Test Passed.
"Matrix.notEquals" end time: Oct 27 15:40 CEST
"Matrix.notEquals" time elapsed: 00:00:00
----------------------------------------------------------

14/37 Testing: Matrix.multiply
14/37 Test: Matrix.multiply
Command: "/home/pieter/GitHub/EAGLE/build/bin/tests" "--gtest_filter=Matrix.multiply" "--gtest_also_run_disabled_tests"
Directory: /home/pieter/GitHub/EAGLE/build
"Matrix.multiply" start time: Oct 27 15:40 CEST
Output:
----------------------------------------------------------
Note: Google Test filter = Matrix.multiply
[==========] Running 1 test from 1 test case.
[----------] Global test environment set-up.
[----------] 1 test from Matrix
[ RUN      ] Matrix.multiply
[       OK ] Matrix.multiply (0 ms)
[----------] 1 test from Matrix (0 ms total)

[----------] Global test environment tear-down
[==========] 1 test from 1 test case ran. (0 ms total)
[  PASSED  ] 1 test.
<end of output>
Test time =   0.00 sec
----------------------------------------------------------
Test Passed.
"Matrix.multiply" end time: Oct 27 15:40 CEST
"Matrix.multiply" time elapsed: 00:00:00
----------------------------------------------------------

15/37 Testing: Matrix.scalarMultiply
15/37 Test: Matrix.scalarMultiply
Command: "/home/pieter/GitHub/EAGLE/build/bin/tests" "--gtest_filter=Matrix.scalarMultiply" "--gtest_also_run_disabled_tests"
Directory: /home/pieter/GitHub/EAGLE/build
"Matrix.scalarMultiply" start time: Oct 27 15:40 CEST
Output:
----------------------------------------------------------
Note: Google Test filter = Matrix.scalarMultiply
[==========] Running 1 test from 1 test case.
[----------] Global test environment set-up.
[----------] 1 test from Matrix
[ RUN      ] Matrix.scalarMultiply
[       OK ] Matrix.scalarMultiply (0 ms)
[----------] 1 test from Matrix (0 ms total)

[----------] Global test environment tear-down
[==========] 1 test from 1 test case ran. (0 ms total)
[  PASSED  ] 1 test.
<end of output>
Test time =   0.00 sec
----------------------------------------------------------
Test Passed.
"Matrix.scalarMultiply" end time: Oct 27 15:40 CEST
"Matrix.scalarMultiply" time elapsed: 00:00:00
----------------------------------------------------------

16/37 Testing: Matrix.Tdiag
16/37 Test: Matrix.Tdiag
Command: "/home/pieter/GitHub/EAGLE/build/bin/tests" "--gtest_filter=Matrix.Tdiag" "--gtest_also_run_disabled_tests"
Directory: /home/pieter/GitHub/EAGLE/build
"Matrix.Tdiag" start time: Oct 27 15:40 CEST
Output:
----------------------------------------------------------
Note: Google Test filter = Matrix.Tdiag
[==========] Running 1 test from 1 test case.
[----------] Global test environment set-up.
[----------] 1 test from Matrix
[ RUN      ] Matrix.Tdiag
[       OK ] Matrix.Tdiag (0 ms)
[----------] 1 test from Matrix (0 ms total)

[----------] Global test environment tear-down
[==========] 1 test from 1 test case ran. (0 ms total)
[  PASSED  ] 1 test.
<end of output>
Test time =   0.00 sec
----------------------------------------------------------
Test Passed.
"Matrix.Tdiag" end time: Oct 27 15:40 CEST
"Matrix.Tdiag" time elapsed: 00:00:00
----------------------------------------------------------

17/37 Testing: Matrix.diag
17/37 Test: Matrix.diag
Command: "/home/pieter/GitHub/EAGLE/build/bin/tests" "--gtest_filter=Matrix.diag" "--gtest_also_run_disabled_tests"
Directory: /home/pieter/GitHub/EAGLE/build
"Matrix.diag" start time: Oct 27 15:40 CEST
Output:
----------------------------------------------------------
Note: Google Test filter = Matrix.diag
[==========] Running 1 test from 1 test case.
[----------] Global test environment set-up.
[----------] 1 test from Matrix
[ RUN      ] Matrix.diag
[       OK ] Matrix.diag (0 ms)
[----------] 1 test from Matrix (0 ms total)

[----------] Global test environment tear-down
[==========] 1 test from 1 test case ran. (0 ms total)
[  PASSED  ] 1 test.
<end of output>
Test time =   0.00 sec
----------------------------------------------------------
Test Passed.
"Matrix.diag" end time: Oct 27 15:40 CEST
"Matrix.diag" time elapsed: 00:00:00
----------------------------------------------------------

18/37 Testing: Matrix.add
18/37 Test: Matrix.add
Command: "/home/pieter/GitHub/EAGLE/build/bin/tests" "--gtest_filter=Matrix.add" "--gtest_also_run_disabled_tests"
Directory: /home/pieter/GitHub/EAGLE/build
"Matrix.add" start time: Oct 27 15:40 CEST
Output:
----------------------------------------------------------
Note: Google Test filter = Matrix.add
[==========] Running 1 test from 1 test case.
[----------] Global test environment set-up.
[----------] 1 test from Matrix
[ RUN      ] Matrix.add
[       OK ] Matrix.add (0 ms)
[----------] 1 test from Matrix (0 ms total)

[----------] Global test environment tear-down
[==========] 1 test from 1 test case ran. (0 ms total)
[  PASSED  ] 1 test.
<end of output>
Test time =   0.00 sec
----------------------------------------------------------
Test Passed.
"Matrix.add" end time: Oct 27 15:40 CEST
"Matrix.add" time elapsed: 00:00:00
----------------------------------------------------------

19/37 Testing: Matrix.subtract
19/37 Test: Matrix.subtract
Command: "/home/pieter/GitHub/EAGLE/build/bin/tests" "--gtest_filter=Matrix.subtract" "--gtest_also_run_disabled_tests"
Directory: /home/pieter/GitHub/EAGLE/build
"Matrix.subtract" start time: Oct 27 15:40 CEST
Output:
----------------------------------------------------------
Note: Google Test filter = Matrix.subtract
[==========] Running 1 test from 1 test case.
[----------] Global test environment set-up.
[----------] 1 test from Matrix
[ RUN      ] Matrix.subtract
[       OK ] Matrix.subtract (0 ms)
[----------] 1 test from Matrix (0 ms total)

[----------] Global test environment tear-down
[==========] 1 test from 1 test case ran. (0 ms total)
[  PASSED  ] 1 test.
<end of output>
Test time =   0.00 sec
----------------------------------------------------------
Test Passed.
"Matrix.subtract" end time: Oct 27 15:40 CEST
"Matrix.subtract" time elapsed: 00:00:00
----------------------------------------------------------

20/37 Testing: Matrix.transpose
20/37 Test: Matrix.transpose
Command: "/home/pieter/GitHub/EAGLE/build/bin/tests" "--gtest_filter=Matrix.transpose" "--gtest_also_run_disabled_tests"
Directory: /home/pieter/GitHub/EAGLE/build
"Matrix.transpose" start time: Oct 27 15:40 CEST
Output:
----------------------------------------------------------
Note: Google Test filter = Matrix.transpose
[==========] Running 1 test from 1 test case.
[----------] Global test environment set-up.
[----------] 1 test from Matrix
[ RUN      ] Matrix.transpose
[       OK ] Matrix.transpose (0 ms)
[----------] 1 test from Matrix (0 ms total)

[----------] Global test environment tear-down
[==========] 1 test from 1 test case ran. (0 ms total)
[  PASSED  ] 1 test.
<end of output>
Test time =   0.00 sec
----------------------------------------------------------
Test Passed.
"Matrix.transpose" end time: Oct 27 15:40 CEST
"Matrix.transpose" time elapsed: 00:00:00
----------------------------------------------------------

21/37 Testing: Matrix.assignBlock
21/37 Test: Matrix.assignBlock
Command: "/home/pieter/GitHub/EAGLE/build/bin/tests" "--gtest_filter=Matrix.assignBlock" "--gtest_also_run_disabled_tests"
Directory: /home/pieter/GitHub/EAGLE/build
"Matrix.assignBlock" start time: Oct 27 15:40 CEST
Output:
----------------------------------------------------------
Note: Google Test filter = Matrix.assignBlock
[==========] Running 1 test from 1 test case.
[----------] Global test environment set-up.
[----------] 1 test from Matrix
[ RUN      ] Matrix.assignBlock
[       OK ] Matrix.assignBlock (0 ms)
[----------] 1 test from Matrix (0 ms total)

[----------] Global test environment tear-down
[==========] 1 test from 1 test case ran. (0 ms total)
[  PASSED  ] 1 test.
<end of output>
Test time =   0.00 sec
----------------------------------------------------------
Test Passed.
"Matrix.assignBlock" end time: Oct 27 15:40 CEST
"Matrix.assignBlock" time elapsed: 00:00:00
----------------------------------------------------------

22/37 Testing: Matrix.getBlock
22/37 Test: Matrix.getBlock
Command: "/home/pieter/GitHub/EAGLE/build/bin/tests" "--gtest_filter=Matrix.getBlock" "--gtest_also_run_disabled_tests"
Directory: /home/pieter/GitHub/EAGLE/build
"Matrix.getBlock" start time: Oct 27 15:40 CEST
Output:
----------------------------------------------------------
Note: Google Test filter = Matrix.getBlock
[==========] Running 1 test from 1 test case.
[----------] Global test environment set-up.
[----------] 1 test from Matrix
[ RUN      ] Matrix.getBlock
[       OK ] Matrix.getBlock (0 ms)
[----------] 1 test from Matrix (0 ms total)

[----------] Global test environment tear-down
[==========] 1 test from 1 test case ran. (0 ms total)
[  PASSED  ] 1 test.
<end of output>
Test time =   0.00 sec
----------------------------------------------------------
Test Passed.
"Matrix.getBlock" end time: Oct 27 15:40 CEST
"Matrix.getBlock" time elapsed: 00:00:00
----------------------------------------------------------

23/37 Testing: Matrix.hcat
23/37 Test: Matrix.hcat
Command: "/home/pieter/GitHub/EAGLE/build/bin/tests" "--gtest_filter=Matrix.hcat" "--gtest_also_run_disabled_tests"
Directory: /home/pieter/GitHub/EAGLE/build
"Matrix.hcat" start time: Oct 27 15:40 CEST
Output:
----------------------------------------------------------
Note: Google Test filter = Matrix.hcat
[==========] Running 1 test from 1 test case.
[----------] Global test environment set-up.
[----------] 1 test from Matrix
[ RUN      ] Matrix.hcat
[       OK ] Matrix.hcat (0 ms)
[----------] 1 test from Matrix (0 ms total)

[----------] Global test environment tear-down
[==========] 1 test from 1 test case ran. (0 ms total)
[  PASSED  ] 1 test.
<end of output>
Test time =   0.00 sec
----------------------------------------------------------
Test Passed.
"Matrix.hcat" end time: Oct 27 15:40 CEST
"Matrix.hcat" time elapsed: 00:00:00
----------------------------------------------------------

24/37 Testing: Matrix.hcat3
24/37 Test: Matrix.hcat3
Command: "/home/pieter/GitHub/EAGLE/build/bin/tests" "--gtest_filter=Matrix.hcat3" "--gtest_also_run_disabled_tests"
Directory: /home/pieter/GitHub/EAGLE/build
"Matrix.hcat3" start time: Oct 27 15:40 CEST
Output:
----------------------------------------------------------
Note: Google Test filter = Matrix.hcat3
[==========] Running 1 test from 1 test case.
[----------] Global test environment set-up.
[----------] 1 test from Matrix
[ RUN      ] Matrix.hcat3
[       OK ] Matrix.hcat3 (0 ms)
[----------] 1 test from Matrix (0 ms total)

[----------] Global test environment tear-down
[==========] 1 test from 1 test case ran. (0 ms total)
[  PASSED  ] 1 test.
<end of output>
Test time =   0.00 sec
----------------------------------------------------------
Test Passed.
"Matrix.hcat3" end time: Oct 27 15:40 CEST
"Matrix.hcat3" time elapsed: 00:00:00
----------------------------------------------------------

25/37 Testing: Matrix.vcat3
25/37 Test: Matrix.vcat3
Command: "/home/pieter/GitHub/EAGLE/build/bin/tests" "--gtest_filter=Matrix.vcat3" "--gtest_also_run_disabled_tests"
Directory: /home/pieter/GitHub/EAGLE/build
"Matrix.vcat3" start time: Oct 27 15:40 CEST
Output:
----------------------------------------------------------
Note: Google Test filter = Matrix.vcat3
[==========] Running 1 test from 1 test case.
[----------] Global test environment set-up.
[----------] 1 test from Matrix
[ RUN      ] Matrix.vcat3
[       OK ] Matrix.vcat3 (0 ms)
[----------] 1 test from Matrix (0 ms total)

[----------] Global test environment tear-down
[==========] 1 test from 1 test case ran. (0 ms total)
[  PASSED  ] 1 test.
<end of output>
Test time =   0.00 sec
----------------------------------------------------------
Test Passed.
"Matrix.vcat3" end time: Oct 27 15:40 CEST
"Matrix.vcat3" time elapsed: 00:00:00
----------------------------------------------------------

26/37 Testing: Matrix.vcathcat
26/37 Test: Matrix.vcathcat
Command: "/home/pieter/GitHub/EAGLE/build/bin/tests" "--gtest_filter=Matrix.vcathcat" "--gtest_also_run_disabled_tests"
Directory: /home/pieter/GitHub/EAGLE/build
"Matrix.vcathcat" start time: Oct 27 15:40 CEST
Output:
----------------------------------------------------------
Note: Google Test filter = Matrix.vcathcat
[==========] Running 1 test from 1 test case.
[----------] Global test environment set-up.
[----------] 1 test from Matrix
[ RUN      ] Matrix.vcathcat
[       OK ] Matrix.vcathcat (0 ms)
[----------] 1 test from Matrix (0 ms total)

[----------] Global test environment tear-down
[==========] 1 test from 1 test case ran. (0 ms total)
[  PASSED  ] 1 test.
<end of output>
Test time =   0.00 sec
----------------------------------------------------------
Test Passed.
"Matrix.vcathcat" end time: Oct 27 15:40 CEST
"Matrix.vcathcat" time elapsed: 00:00:00
----------------------------------------------------------

27/37 Testing: ODEEval.interpolate
27/37 Test: ODEEval.interpolate
Command: "/home/pieter/GitHub/EAGLE/build/bin/tests" "--gtest_filter=ODEEval.interpolate" "--gtest_also_run_disabled_tests"
Directory: /home/pieter/GitHub/EAGLE/build
"ODEEval.interpolate" start time: Oct 27 15:40 CEST
Output:
----------------------------------------------------------
Note: Google Test filter = ODEEval.interpolate
[==========] Running 1 test from 1 test case.
[----------] Global test environment set-up.
[----------] 1 test from ODEEval
[ RUN      ] ODEEval.interpolate
[       OK ] ODEEval.interpolate (0 ms)
[----------] 1 test from ODEEval (0 ms total)

[----------] Global test environment tear-down
[==========] 1 test from 1 test case ran. (0 ms total)
[  PASSED  ] 1 test.
<end of output>
Test time =   0.00 sec
----------------------------------------------------------
Test Passed.
"ODEEval.interpolate" end time: Oct 27 15:40 CEST
"ODEEval.interpolate" time elapsed: 00:00:00
----------------------------------------------------------

28/37 Testing: ODEEval.sampleODEResult
28/37 Test: ODEEval.sampleODEResult
Command: "/home/pieter/GitHub/EAGLE/build/bin/tests" "--gtest_filter=ODEEval.sampleODEResult" "--gtest_also_run_disabled_tests"
Directory: /home/pieter/GitHub/EAGLE/build
"ODEEval.sampleODEResult" start time: Oct 27 15:40 CEST
Output:
----------------------------------------------------------
Note: Google Test filter = ODEEval.sampleODEResult
[==========] Running 1 test from 1 test case.
[----------] Global test environment set-up.
[----------] 1 test from ODEEval
[ RUN      ] ODEEval.sampleODEResult
[       OK ] ODEEval.sampleODEResult (0 ms)
[----------] 1 test from ODEEval (0 ms total)

[----------] Global test environment tear-down
[==========] 1 test from 1 test case ran. (0 ms total)
[  PASSED  ] 1 test.
<end of output>
Test time =   0.00 sec
----------------------------------------------------------
Test Passed.
"ODEEval.sampleODEResult" end time: Oct 27 15:40 CEST
"ODEEval.sampleODEResult" time elapsed: 00:00:00
----------------------------------------------------------

29/37 Testing: ODEEval.sampleODEResultJustBeforeEnd
29/37 Test: ODEEval.sampleODEResultJustBeforeEnd
Command: "/home/pieter/GitHub/EAGLE/build/bin/tests" "--gtest_filter=ODEEval.sampleODEResultJustBeforeEnd" "--gtest_also_run_disabled_tests"
Directory: /home/pieter/GitHub/EAGLE/build
"ODEEval.sampleODEResultJustBeforeEnd" start time: Oct 27 15:40 CEST
Output:
----------------------------------------------------------
Note: Google Test filter = ODEEval.sampleODEResultJustBeforeEnd
[==========] Running 1 test from 1 test case.
[----------] Global test environment set-up.
[----------] 1 test from ODEEval
[ RUN      ] ODEEval.sampleODEResultJustBeforeEnd
[       OK ] ODEEval.sampleODEResultJustBeforeEnd (0 ms)
[----------] 1 test from ODEEval (0 ms total)

[----------] Global test environment tear-down
[==========] 1 test from 1 test case ran. (0 ms total)
[  PASSED  ] 1 test.
<end of output>
Test time =   0.00 sec
----------------------------------------------------------
Test Passed.
"ODEEval.sampleODEResultJustBeforeEnd" end time: Oct 27 15:40 CEST
"ODEEval.sampleODEResultJustBeforeEnd" time elapsed: 00:00:00
----------------------------------------------------------

30/37 Testing: ODEEval.sampleODEResultJustAfterEnd
30/37 Test: ODEEval.sampleODEResultJustAfterEnd
Command: "/home/pieter/GitHub/EAGLE/build/bin/tests" "--gtest_filter=ODEEval.sampleODEResultJustAfterEnd" "--gtest_also_run_disabled_tests"
Directory: /home/pieter/GitHub/EAGLE/build
"ODEEval.sampleODEResultJustAfterEnd" start time: Oct 27 15:40 CEST
Output:
----------------------------------------------------------
Note: Google Test filter = ODEEval.sampleODEResultJustAfterEnd
[==========] Running 1 test from 1 test case.
[----------] Global test environment set-up.
[----------] 1 test from ODEEval
[ RUN      ] ODEEval.sampleODEResultJustAfterEnd
[       OK ] ODEEval.sampleODEResultJustAfterEnd (0 ms)
[----------] 1 test from ODEEval (0 ms total)

[----------] Global test environment tear-down
[==========] 1 test from 1 test case ran. (0 ms total)
[  PASSED  ] 1 test.
<end of output>
Test time =   0.00 sec
----------------------------------------------------------
Test Passed.
"ODEEval.sampleODEResultJustAfterEnd" end time: Oct 27 15:40 CEST
"ODEEval.sampleODEResultJustAfterEnd" time elapsed: 00:00:00
----------------------------------------------------------

31/37 Testing: ODEEval.sampleODEResultOutOfBounds
31/37 Test: ODEEval.sampleODEResultOutOfBounds
Command: "/home/pieter/GitHub/EAGLE/build/bin/tests" "--gtest_filter=ODEEval.sampleODEResultOutOfBounds" "--gtest_also_run_disabled_tests"
Directory: /home/pieter/GitHub/EAGLE/build
"ODEEval.sampleODEResultOutOfBounds" start time: Oct 27 15:40 CEST
Output:
----------------------------------------------------------
Note: Google Test filter = ODEEval.sampleODEResultOutOfBounds
[==========] Running 1 test from 1 test case.
[----------] Global test environment set-up.
[----------] 1 test from ODEEval
[ RUN      ] ODEEval.sampleODEResultOutOfBounds
[       OK ] ODEEval.sampleODEResultOutOfBounds (0 ms)
[----------] 1 test from ODEEval (0 ms total)

[----------] Global test environment tear-down
[==========] 1 test from 1 test case ran. (0 ms total)
[  PASSED  ] 1 test.
<end of output>
Test time =   0.00 sec
----------------------------------------------------------
Test Passed.
"ODEEval.sampleODEResultOutOfBounds" end time: Oct 27 15:40 CEST
"ODEEval.sampleODEResultOutOfBounds" time elapsed: 00:00:00
----------------------------------------------------------

32/37 Testing: QR.QR
32/37 Test: QR.QR
Command: "/home/pieter/GitHub/EAGLE/build/bin/tests" "--gtest_filter=QR.QR" "--gtest_also_run_disabled_tests"
Directory: /home/pieter/GitHub/EAGLE/build
"QR.QR" start time: Oct 27 15:40 CEST
Output:
----------------------------------------------------------
Note: Google Test filter = QR.QR
[==========] Running 1 test from 1 test case.
[----------] Global test environment set-up.
[----------] 1 test from QR
[ RUN      ] QR.QR
[       OK ] QR.QR (0 ms)
[----------] 1 test from QR (0 ms total)

[----------] Global test environment tear-down
[==========] 1 test from 1 test case ran. (1 ms total)
[  PASSED  ] 1 test.
<end of output>
Test time =   0.00 sec
----------------------------------------------------------
Test Passed.
"QR.QR" end time: Oct 27 15:40 CEST
"QR.QR" time elapsed: 00:00:00
----------------------------------------------------------

33/37 Testing: Quaternion.quatmultiply
33/37 Test: Quaternion.quatmultiply
Command: "/home/pieter/GitHub/EAGLE/build/bin/tests" "--gtest_filter=Quaternion.quatmultiply" "--gtest_also_run_disabled_tests"
Directory: /home/pieter/GitHub/EAGLE/build
"Quaternion.quatmultiply" start time: Oct 27 15:40 CEST
Output:
----------------------------------------------------------
Note: Google Test filter = Quaternion.quatmultiply
[==========] Running 1 test from 1 test case.
[----------] Global test environment set-up.
[----------] 1 test from Quaternion
[ RUN      ] Quaternion.quatmultiply
[       OK ] Quaternion.quatmultiply (0 ms)
[----------] 1 test from Quaternion (0 ms total)

[----------] Global test environment tear-down
[==========] 1 test from 1 test case ran. (0 ms total)
[  PASSED  ] 1 test.
<end of output>
Test time =   0.00 sec
----------------------------------------------------------
Test Passed.
"Quaternion.quatmultiply" end time: Oct 27 15:40 CEST
"Quaternion.quatmultiply" time elapsed: 00:00:00
----------------------------------------------------------

34/37 Testing: Quaternion.conjugate
34/37 Test: Quaternion.conjugate
Command: "/home/pieter/GitHub/EAGLE/build/bin/tests" "--gtest_filter=Quaternion.conjugate" "--gtest_also_run_disabled_tests"
Directory: /home/pieter/GitHub/EAGLE/build
"Quaternion.conjugate" start time: Oct 27 15:40 CEST
Output:
----------------------------------------------------------
Note: Google Test filter = Quaternion.conjugate
[==========] Running 1 test from 1 test case.
[----------] Global test environment set-up.
[----------] 1 test from Quaternion
[ RUN      ] Quaternion.conjugate
[       OK ] Quaternion.conjugate (0 ms)
[----------] 1 test from Quaternion (0 ms total)

[----------] Global test environment tear-down
[==========] 1 test from 1 test case ran. (0 ms total)
[  PASSED  ] 1 test.
<end of output>
Test time =   0.00 sec
----------------------------------------------------------
Test Passed.
"Quaternion.conjugate" end time: Oct 27 15:40 CEST
"Quaternion.conjugate" time elapsed: 00:00:00
----------------------------------------------------------

35/37 Testing: Quaternion.eul2quat
35/37 Test: Quaternion.eul2quat
Command: "/home/pieter/GitHub/EAGLE/build/bin/tests" "--gtest_filter=Quaternion.eul2quat" "--gtest_also_run_disabled_tests"
Directory: /home/pieter/GitHub/EAGLE/build
"Quaternion.eul2quat" start time: Oct 27 15:40 CEST
Output:
----------------------------------------------------------
Note: Google Test filter = Quaternion.eul2quat
[==========] Running 1 test from 1 test case.
[----------] Global test environment set-up.
[----------] 1 test from Quaternion
[ RUN      ] Quaternion.eul2quat
[       OK ] Quaternion.eul2quat (0 ms)
[----------] 1 test from Quaternion (0 ms total)

[----------] Global test environment tear-down
[==========] 1 test from 1 test case ran. (0 ms total)
[  PASSED  ] 1 test.
<end of output>
Test time =   0.00 sec
----------------------------------------------------------
Test Passed.
"Quaternion.eul2quat" end time: Oct 27 15:40 CEST
"Quaternion.eul2quat" time elapsed: 00:00:00
----------------------------------------------------------

36/37 Testing: Quaternion.quat2eul
36/37 Test: Quaternion.quat2eul
Command: "/home/pieter/GitHub/EAGLE/build/bin/tests" "--gtest_filter=Quaternion.quat2eul" "--gtest_also_run_disabled_tests"
Directory: /home/pieter/GitHub/EAGLE/build
"Quaternion.quat2eul" start time: Oct 27 15:40 CEST
Output:
----------------------------------------------------------
Note: Google Test filter = Quaternion.quat2eul
[==========] Running 1 test from 1 test case.
[----------] Global test environment set-up.
[----------] 1 test from Quaternion
[ RUN      ] Quaternion.quat2eul
[       OK ] Quaternion.quat2eul (0 ms)
[----------] 1 test from Quaternion (0 ms total)

[----------] Global test environment tear-down
[==========] 1 test from 1 test case ran. (0 ms total)
[  PASSED  ] 1 test.
<end of output>
Test time =   0.00 sec
----------------------------------------------------------
Test Passed.
"Quaternion.quat2eul" end time: Oct 27 15:40 CEST
"Quaternion.quat2eul" time elapsed: 00:00:00
----------------------------------------------------------

37/37 Testing: ReducedQuaternion.convertAndBack
37/37 Test: ReducedQuaternion.convertAndBack
Command: "/home/pieter/GitHub/EAGLE/build/bin/tests" "--gtest_filter=ReducedQuaternion.convertAndBack" "--gtest_also_run_disabled_tests"
Directory: /home/pieter/GitHub/EAGLE/build
"ReducedQuaternion.convertAndBack" start time: Oct 27 15:40 CEST
Output:
----------------------------------------------------------
Note: Google Test filter = ReducedQuaternion.convertAndBack
[==========] Running 1 test from 1 test case.
[----------] Global test environment set-up.
[----------] 1 test from ReducedQuaternion
[ RUN      ] ReducedQuaternion.convertAndBack
[       OK ] ReducedQuaternion.convertAndBack (0 ms)
[----------] 1 test from ReducedQuaternion (0 ms total)

[----------] Global test environment tear-down
[==========] 1 test from 1 test case ran. (0 ms total)
[  PASSED  ] 1 test.
<end of output>
Test time =   0.00 sec
----------------------------------------------------------
Test Passed.
"ReducedQuaternion.convertAndBack" end time: Oct 27 15:40 CEST
"ReducedQuaternion.convertAndBack" time elapsed: 00:00:00
----------------------------------------------------------

End testing: Oct 27 15:40 CEST
